# JRE version: Java(TM) SE Runtime Environment (8.0_221-b11) (build 1.8.0_221-b11)
# Java VM: Java HotSpot(TM) 64-Bit Server VM (25.221-b11 mixed mode windows-amd64 compressed oops)
Heap:
 PSYoungGen      total 344064K, used 101077K [0x000000076bb00000, 0x0000000785480000, 0x00000007c0000000)
  eden space 331264K, 26% used [0x000000076bb00000,0x000000077113d650,0x000000077fe80000)
  from space 12800K, 99% used [0x0000000781080000,0x0000000781cf8068,0x0000000781d00000)
  to   space 18432K, 0% used [0x000000077fe80000,0x000000077fe80000,0x0000000781080000)
 ParOldGen       total 235008K, used 34615K [0x00000006c3000000, 0x00000006d1580000, 0x000000076bb00000)
  object space 235008K, 14% used [0x00000006c3000000,0x00000006c51cde70,0x00000006d1580000)
 Metaspace       used 75244K, capacity 79016K, committed 79232K, reserved 1118208K
  class space    used 10411K, capacity 11333K, committed 11392K, reserved 1048576K
GC Heap History (10 events):
Event: 5.024 GC heap before
{Heap before GC invocations=9 (full 2):
 PSYoungGen      total 222720K, used 7968K [0x000000076bb00000, 0x0000000781a80000, 0x00000007c0000000)
  eden space 213504K, 0% used [0x000000076bb00000,0x000000076bb00000,0x0000000778b80000)
  from space 9216K, 86% used [0x0000000778b80000,0x0000000779348240,0x0000000779480000)
  to   space 9728K, 0% used [0x0000000781100000,0x0000000781100000,0x0000000781a80000)
 ParOldGen       total 93696K, used 7056K [0x00000006c3000000, 0x00000006c8b80000, 0x000000076bb00000)
  object space 93696K, 7% used [0x00000006c3000000,0x00000006c36e4370,0x00000006c8b80000)
 Metaspace       used 34082K, capacity 35330K, committed 35416K, reserved 1081344K
  class space    used 4316K, capacity 4552K, committed 4608K, reserved 1048576K
Event: 5.087 GC heap after
Heap after GC invocations=9 (full 2):
 PSYoungGen      total 222720K, used 0K [0x000000076bb00000, 0x0000000781a80000, 0x00000007c0000000)
  eden space 213504K, 0% used [0x000000076bb00000,0x000000076bb00000,0x0000000778b80000)
  from space 9216K, 0% used [0x0000000778b80000,0x0000000778b80000,0x0000000779480000)
  to   space 9728K, 0% used [0x0000000781100000,0x0000000781100000,0x0000000781a80000)
 ParOldGen       total 154112K, used 12218K [0x00000006c3000000, 0x00000006cc680000, 0x000000076bb00000)
  object space 154112K, 7% used [0x00000006c3000000,0x00000006c3bee858,0x00000006cc680000)
 Metaspace       used 34082K, capacity 35330K, committed 35416K, reserved 1081344K
  class space    used 4316K, capacity 4552K, committed 4608K, reserved 1048576K
}
Event: 6.703 GC heap before
{Heap before GC invocations=10 (full 2):
 PSYoungGen      total 222720K, used 213504K [0x000000076bb00000, 0x0000000781a80000, 0x00000007c0000000)
  eden space 213504K, 100% used [0x000000076bb00000,0x0000000778b80000,0x0000000778b80000)
  from space 9216K, 0% used [0x0000000778b80000,0x0000000778b80000,0x0000000779480000)
  to   space 9728K, 0% used [0x0000000781100000,0x0000000781100000,0x0000000781a80000)
 ParOldGen       total 154112K, used 12218K [0x00000006c3000000, 0x00000006cc680000, 0x000000076bb00000)
  object space 154112K, 7% used [0x00000006c3000000,0x00000006c3bee858,0x00000006cc680000)
 Metaspace       used 41796K, capacity 43698K, committed 43904K, reserved 1087488K
  class space    used 5278K, capacity 5641K, committed 5760K, reserved 1048576K
Event: 6.710 GC heap after
Heap after GC invocations=10 (full 2):
 PSYoungGen      total 291840K, used 9375K [0x000000076bb00000, 0x0000000781a80000, 0x00000007c0000000)
  eden space 282112K, 0% used [0x000000076bb00000,0x000000076bb00000,0x000000077ce80000)
  from space 9728K, 96% used [0x0000000781100000,0x0000000781a27f78,0x0000000781a80000)
  to   space 10240K, 0% used [0x0000000780680000,0x0000000780680000,0x0000000781080000)
 ParOldGen       total 154112K, used 12226K [0x00000006c3000000, 0x00000006cc680000, 0x000000076bb00000)
  object space 154112K, 7% used [0x00000006c3000000,0x00000006c3bf0858,0x00000006cc680000)
 Metaspace       used 41796K, capacity 43698K, committed 43904K, reserved 1087488K
  class space    used 5278K, capacity 5641K, committed 5760K, reserved 1048576K
}
Event: 9.020 GC heap before
{Heap before GC invocations=11 (full 2):
 PSYoungGen      total 291840K, used 257935K [0x000000076bb00000, 0x0000000781a80000, 0x00000007c0000000)
  eden space 282112K, 88% used [0x000000076bb00000,0x000000077adbbcf8,0x000000077ce80000)
  from space 9728K, 96% used [0x0000000781100000,0x0000000781a27f78,0x0000000781a80000)
  to   space 10240K, 0% used [0x0000000780680000,0x0000000780680000,0x0000000781080000)
 ParOldGen       total 154112K, used 12226K [0x00000006c3000000, 0x00000006cc680000, 0x000000076bb00000)
  object space 154112K, 7% used [0x00000006c3000000,0x00000006c3bf0858,0x00000006cc680000)
 Metaspace       used 56719K, capacity 58928K, committed 59028K, reserved 1099776K
  class space    used 7660K, capacity 8126K, committed 8192K, reserved 1048576K
Event: 9.034 GC heap after
Heap after GC invocations=11 (full 2):
 PSYoungGen      total 343040K, used 10225K [0x000000076bb00000, 0x0000000781d00000, 0x00000007c0000000)
  eden space 332800K, 0% used [0x000000076bb00000,0x000000076bb00000,0x0000000780000000)
  from space 10240K, 99% used [0x0000000780680000,0x000000078107c478,0x0000000781080000)
  to   space 12800K, 0% used [0x0000000781080000,0x0000000781080000,0x0000000781d00000)
 ParOldGen       total 154112K, used 21527K [0x00000006c3000000, 0x00000006cc680000, 0x000000076bb00000)
  object space 154112K, 13% used [0x00000006c3000000,0x00000006c4505c70,0x00000006cc680000)
 Metaspace       used 56719K, capacity 58928K, committed 59028K, reserved 1099776K
  class space    used 7660K, capacity 8126K, committed 8192K, reserved 1048576K
}
Event: 9.034 GC heap before
{Heap before GC invocations=12 (full 3):
 PSYoungGen      total 343040K, used 10225K [0x000000076bb00000, 0x0000000781d00000, 0x00000007c0000000)
  eden space 332800K, 0% used [0x000000076bb00000,0x000000076bb00000,0x0000000780000000)
  from space 10240K, 99% used [0x0000000780680000,0x000000078107c478,0x0000000781080000)
  to   space 12800K, 0% used [0x0000000781080000,0x0000000781080000,0x0000000781d00000)
 ParOldGen       total 154112K, used 21527K [0x00000006c3000000, 0x00000006cc680000, 0x000000076bb00000)
  object space 154112K, 13% used [0x00000006c3000000,0x00000006c4505c70,0x00000006cc680000)
 Metaspace       used 56719K, capacity 58928K, committed 59028K, reserved 1099776K
  class space    used 7660K, capacity 8126K, committed 8192K, reserved 1048576K
Event: 9.141 GC heap after
Heap after GC invocations=12 (full 3):
 PSYoungGen      total 343040K, used 0K [0x000000076bb00000, 0x0000000781d00000, 0x00000007c0000000)
  eden space 332800K, 0% used [0x000000076bb00000,0x000000076bb00000,0x0000000780000000)
  from space 10240K, 0% used [0x0000000780680000,0x0000000780680000,0x0000000781080000)
  to   space 12800K, 0% used [0x0000000781080000,0x0000000781080000,0x0000000781d00000)
 ParOldGen       total 235008K, used 27701K [0x00000006c3000000, 0x00000006d1580000, 0x000000076bb00000)
  object space 235008K, 11% used [0x00000006c3000000,0x00000006c4b0d510,0x00000006d1580000)
 Metaspace       used 56719K, capacity 58928K, committed 59028K, reserved 1099776K
  class space    used 7660K, capacity 8126K, committed 8192K, reserved 1048576K
}
Event: 12.964 GC heap before
{Heap before GC invocations=13 (full 3):
 PSYoungGen      total 343040K, used 332800K [0x000000076bb00000, 0x0000000781d00000, 0x00000007c0000000)
  eden space 332800K, 100% used [0x000000076bb00000,0x0000000780000000,0x0000000780000000)
  from space 10240K, 0% used [0x0000000780680000,0x0000000780680000,0x0000000781080000)
  to   space 12800K, 0% used [0x0000000781080000,0x0000000781080000,0x0000000781d00000)
 ParOldGen       total 235008K, used 27701K [0x00000006c3000000, 0x00000006d1580000, 0x000000076bb00000)
  object space 235008K, 11% used [0x00000006c3000000,0x00000006c4b0d510,0x00000006d1580000)
 Metaspace       used 72557K, capacity 75716K, committed 75904K, reserved 1114112K
  class space    used 10013K, capacity 10860K, committed 10880K, reserved 1048576K
Event: 12.975 GC heap after
Heap after GC invocations=13 (full 3):
 PSYoungGen      total 344064K, used 12768K [0x000000076bb00000, 0x0000000785480000, 0x00000007c0000000)
  eden space 331264K, 0% used [0x000000076bb00000,0x000000076bb00000,0x000000077fe80000)
  from space 12800K, 99% used [0x0000000781080000,0x0000000781cf8068,0x0000000781d00000)
  to   space 18432K, 0% used [0x000000077fe80000,0x000000077fe80000,0x0000000781080000)
 ParOldGen       total 235008K, used 34615K [0x00000006c3000000, 0x00000006d1580000, 0x000000076bb00000)
  object space 235008K, 14% used [0x00000006c3000000,0x00000006c51cde70,0x00000006d1580000)
 Metaspace       used 72557K, capacity 75716K, committed 75904K, reserved 1114112K
  class space    used 10013K, capacity 10860K, committed 10880K, reserved 1048576K
}

