# JRE version: Java(TM) SE Runtime Environment (8.0_221-b11) (build 1.8.0_221-b11)
# Java VM: Java HotSpot(TM) 64-Bit Server VM (25.221-b11 mixed mode windows-amd64 compressed oops)
Heap:
 PSYoungGen      total 377344K, used 135999K [0x000000076bb00000, 0x000000078b580000, 0x00000007c0000000)
  eden space 359424K, 37% used [0x000000076bb00000,0x0000000773fcff68,0x0000000781a00000)
  from space 17920K, 0% used [0x0000000781a00000,0x0000000781a00000,0x0000000782b80000)
  to   space 25600K, 0% used [0x0000000789c80000,0x0000000789c80000,0x000000078b580000)
 ParOldGen       total 160256K, used 45037K [0x00000006c3000000, 0x00000006ccc80000, 0x000000076bb00000)
  object space 160256K, 28% used [0x00000006c3000000,0x00000006c5bfb548,0x00000006ccc80000)
 Metaspace       used 80531K, capacity 84812K, committed 84912K, reserved 1122304K
  class space    used 11150K, capacity 12177K, committed 12240K, reserved 1048576K
GC Heap History (10 events):
Event: 5.892 GC heap before
{Heap before GC invocations=9 (full 2):
 PSYoungGen      total 246784K, used 236032K [0x000000076bb00000, 0x000000077bb00000, 0x00000007c0000000)
  eden space 236032K, 100% used [0x000000076bb00000,0x000000077a180000,0x000000077a180000)
  from space 10752K, 0% used [0x000000077b080000,0x000000077b080000,0x000000077bb00000)
  to   space 12288K, 0% used [0x000000077a300000,0x000000077a300000,0x000000077af00000)
 ParOldGen       total 119296K, used 15628K [0x00000006c3000000, 0x00000006ca480000, 0x000000076bb00000)
  object space 119296K, 13% used [0x00000006c3000000,0x00000006c3f43210,0x00000006ca480000)
 Metaspace       used 53870K, capacity 55972K, committed 56528K, reserved 1097728K
  class space    used 7359K, capacity 7764K, committed 7888K, reserved 1048576K
Event: 5.904 GC heap after
Heap after GC invocations=9 (full 2):
 PSYoungGen      total 249856K, used 12264K [0x000000076bb00000, 0x0000000784280000, 0x00000007c0000000)
  eden space 237568K, 0% used [0x000000076bb00000,0x000000076bb00000,0x000000077a300000)
  from space 12288K, 99% used [0x000000077a300000,0x000000077aefa170,0x000000077af00000)
  to   space 17920K, 0% used [0x0000000783100000,0x0000000783100000,0x0000000784280000)
 ParOldGen       total 119296K, used 24337K [0x00000006c3000000, 0x00000006ca480000, 0x000000076bb00000)
  object space 119296K, 20% used [0x00000006c3000000,0x00000006c47c4518,0x00000006ca480000)
 Metaspace       used 53870K, capacity 55972K, committed 56528K, reserved 1097728K
  class space    used 7359K, capacity 7764K, committed 7888K, reserved 1048576K
}
Event: 6.312 GC heap before
{Heap before GC invocations=10 (full 2):
 PSYoungGen      total 249856K, used 75355K [0x000000076bb00000, 0x0000000784280000, 0x00000007c0000000)
  eden space 237568K, 26% used [0x000000076bb00000,0x000000076f89cb60,0x000000077a300000)
  from space 12288K, 99% used [0x000000077a300000,0x000000077aefa170,0x000000077af00000)
  to   space 17920K, 0% used [0x0000000783100000,0x0000000783100000,0x0000000784280000)
 ParOldGen       total 119296K, used 24337K [0x00000006c3000000, 0x00000006ca480000, 0x000000076bb00000)
  object space 119296K, 20% used [0x00000006c3000000,0x00000006c47c4518,0x00000006ca480000)
 Metaspace       used 57625K, capacity 60024K, committed 60080K, reserved 1101824K
  class space    used 7897K, capacity 8366K, committed 8400K, reserved 1048576K
Event: 6.319 GC heap after
Heap after GC invocations=10 (full 2):
 PSYoungGen      total 371712K, used 12004K [0x000000076bb00000, 0x0000000783d00000, 0x00000007c0000000)
  eden space 359424K, 0% used [0x000000076bb00000,0x000000076bb00000,0x0000000781a00000)
  from space 12288K, 97% used [0x0000000783100000,0x0000000783cb91a8,0x0000000783d00000)
  to   space 17920K, 0% used [0x0000000781a00000,0x0000000781a00000,0x0000000782b80000)
 ParOldGen       total 119296K, used 24345K [0x00000006c3000000, 0x00000006ca480000, 0x000000076bb00000)
  object space 119296K, 20% used [0x00000006c3000000,0x00000006c47c6518,0x00000006ca480000)
 Metaspace       used 57625K, capacity 60024K, committed 60080K, reserved 1101824K
  class space    used 7897K, capacity 8366K, committed 8400K, reserved 1048576K
}
Event: 6.319 GC heap before
{Heap before GC invocations=11 (full 3):
 PSYoungGen      total 371712K, used 12004K [0x000000076bb00000, 0x0000000783d00000, 0x00000007c0000000)
  eden space 359424K, 0% used [0x000000076bb00000,0x000000076bb00000,0x0000000781a00000)
  from space 12288K, 97% used [0x0000000783100000,0x0000000783cb91a8,0x0000000783d00000)
  to   space 17920K, 0% used [0x0000000781a00000,0x0000000781a00000,0x0000000782b80000)
 ParOldGen       total 119296K, used 24345K [0x00000006c3000000, 0x00000006ca480000, 0x000000076bb00000)
  object space 119296K, 20% used [0x00000006c3000000,0x00000006c47c6518,0x00000006ca480000)
 Metaspace       used 57625K, capacity 60024K, committed 60080K, reserved 1101824K
  class space    used 7897K, capacity 8366K, committed 8400K, reserved 1048576K
Event: 6.419 GC heap after
Heap after GC invocations=11 (full 3):
 PSYoungGen      total 371712K, used 0K [0x000000076bb00000, 0x0000000783d00000, 0x00000007c0000000)
  eden space 359424K, 0% used [0x000000076bb00000,0x000000076bb00000,0x0000000781a00000)
  from space 12288K, 0% used [0x0000000783100000,0x0000000783100000,0x0000000783d00000)
  to   space 17920K, 0% used [0x0000000781a00000,0x0000000781a00000,0x0000000782b80000)
 ParOldGen       total 160256K, used 21445K [0x00000006c3000000, 0x00000006ccc80000, 0x000000076bb00000)
  object space 160256K, 13% used [0x00000006c3000000,0x00000006c44f1598,0x00000006ccc80000)
 Metaspace       used 57625K, capacity 60024K, committed 60080K, reserved 1101824K
  class space    used 7897K, capacity 8366K, committed 8400K, reserved 1048576K
}
Event: 176.346 GC heap before
{Heap before GC invocations=12 (full 3):
 PSYoungGen      total 371712K, used 337033K [0x000000076bb00000, 0x0000000783d00000, 0x00000007c0000000)
  eden space 359424K, 93% used [0x000000076bb00000,0x0000000780422480,0x0000000781a00000)
  from space 12288K, 0% used [0x0000000783100000,0x0000000783100000,0x0000000783d00000)
  to   space 17920K, 0% used [0x0000000781a00000,0x0000000781a00000,0x0000000782b80000)
 ParOldGen       total 160256K, used 21445K [0x00000006c3000000, 0x00000006ccc80000, 0x000000076bb00000)
  object space 160256K, 13% used [0x00000006c3000000,0x00000006c44f1598,0x00000006ccc80000)
 Metaspace       used 80206K, capacity 84372K, committed 84656K, reserved 1122304K
  class space    used 11125K, capacity 12119K, committed 12240K, reserved 1048576K
Event: 176.363 GC heap after
Heap after GC invocations=12 (full 3):
 PSYoungGen      total 377344K, used 17914K [0x000000076bb00000, 0x000000078b580000, 0x00000007c0000000)
  eden space 359424K, 0% used [0x000000076bb00000,0x000000076bb00000,0x0000000781a00000)
  from space 17920K, 99% used [0x0000000781a00000,0x0000000782b7eb08,0x0000000782b80000)
  to   space 25600K, 0% used [0x0000000789c80000,0x0000000789c80000,0x000000078b580000)
 ParOldGen       total 160256K, used 34040K [0x00000006c3000000, 0x00000006ccc80000, 0x000000076bb00000)
  object space 160256K, 21% used [0x00000006c3000000,0x00000006c513e358,0x00000006ccc80000)
 Metaspace       used 80206K, capacity 84372K, committed 84656K, reserved 1122304K
  class space    used 11125K, capacity 12119K, committed 12240K, reserved 1048576K
}
Event: 176.363 GC heap before
{Heap before GC invocations=13 (full 4):
 PSYoungGen      total 377344K, used 17914K [0x000000076bb00000, 0x000000078b580000, 0x00000007c0000000)
  eden space 359424K, 0% used [0x000000076bb00000,0x000000076bb00000,0x0000000781a00000)
  from space 17920K, 99% used [0x0000000781a00000,0x0000000782b7eb08,0x0000000782b80000)
  to   space 25600K, 0% used [0x0000000789c80000,0x0000000789c80000,0x000000078b580000)
 ParOldGen       total 160256K, used 34040K [0x00000006c3000000, 0x00000006ccc80000, 0x000000076bb00000)
  object space 160256K, 21% used [0x00000006c3000000,0x00000006c513e358,0x00000006ccc80000)
 Metaspace       used 80206K, capacity 84372K, committed 84656K, reserved 1122304K
  class space    used 11125K, capacity 12119K, committed 12240K, reserved 1048576K
Event: 176.504 GC heap after
Heap after GC invocations=13 (full 4):
 PSYoungGen      total 377344K, used 0K [0x000000076bb00000, 0x000000078b580000, 0x00000007c0000000)
  eden space 359424K, 0% used [0x000000076bb00000,0x000000076bb00000,0x0000000781a00000)
  from space 17920K, 0% used [0x0000000781a00000,0x0000000781a00000,0x0000000782b80000)
  to   space 25600K, 0% used [0x0000000789c80000,0x0000000789c80000,0x000000078b580000)
 ParOldGen       total 160256K, used 45037K [0x00000006c3000000, 0x00000006ccc80000, 0x000000076bb00000)
  object space 160256K, 28% used [0x00000006c3000000,0x00000006c5bfb548,0x00000006ccc80000)
 Metaspace       used 80203K, capacity 84366K, committed 84656K, reserved 1122304K
  class space    used 11125K, capacity 12118K, committed 12240K, reserved 1048576K
}

